<?xml version="1.0" encoding="UTF-8"?>
<!-- Generated by org.testng.reporters.JUnitReportReporter -->
<testsuite hostname="RadwaH-HR" failures="0" tests="1" name="tests.PharmacyRegistrationTest" time="3.704" errors="0" timestamp="2023-11-11T21:58:28 EET" skipped="0">
  <testcase classname="tests.PharmacyRegistrationTest" name="userCanRegisrerSuccessfully" time="3.704"/>
  <system-out/>
</testsuite> <!-- tests.PharmacyRegistrationTest -->
